# JRE version: OpenJDK Runtime Environment (21.0.5) (build 21.0.5+-12932927-b750.29)
# Java VM: OpenJDK 64-Bit Server VM (21.0.5+-12932927-b750.29, mixed mode, tiered, compressed oops, compressed class ptrs, g1 gc, windows-amd64)
GC Precious Log:
 CardTable entry size: 512
 Card Set container configuration: InlinePtr #cards 4 size 8 Array Of Cards #cards 32 size 80 Howl #buckets 8 coarsen threshold 7372 Howl Bitmap #cards 1024 size 144 coarsen threshold 921 Card regions per heap region 1 cards per card region 8192
 CPUs: 16 total, 16 available
 Memory: 15720M
 Large Page Support: Disabled
 NUMA Support: Disabled
 Compressed Oops: Enabled (Zero based)
 Heap Region Size: 4M
 Heap Min Capacity: 8M
 Heap Initial Capacity: 248M
 Heap Max Capacity: 8G
 Pre-touch: Disabled
 Parallel Workers: 13
 Concurrent Workers: 3
 Concurrent Refinement Workers: 13
 Periodic GC: Disabled
Heap:
 garbage-first heap   total 651264K, used 494693K [0x0000000600000000, 0x0000000800000000)
  region size 4096K, 77 young (315392K), 5 survivors (20480K)
 Metaspace       used 172788K, committed 175296K, reserved 1245184K
  class space    used 21351K, committed 22592K, reserved 1048576K
GC Heap History (20 events):
Event: 62.865 GC heap before
{Heap before GC invocations=104 (full 0):
 garbage-first heap   total 540672K, used 454193K [0x0000000600000000, 0x0000000800000000)
  region size 4096K, 79 young (323584K), 3 survivors (12288K)
 Metaspace       used 159783K, committed 162176K, reserved 1245184K
  class space    used 20026K, committed 21248K, reserved 1048576K
}
Event: 62.874 GC heap after
{Heap after GC invocations=105 (full 0):
 garbage-first heap   total 540672K, used 144114K [0x0000000600000000, 0x0000000800000000)
  region size 4096K, 4 young (16384K), 4 survivors (16384K)
 Metaspace       used 159783K, committed 162176K, reserved 1245184K
  class space    used 20026K, committed 21248K, reserved 1048576K
}
Event: 63.431 GC heap before
{Heap before GC invocations=105 (full 0):
 garbage-first heap   total 540672K, used 451314K [0x0000000600000000, 0x0000000800000000)
  region size 4096K, 79 young (323584K), 4 survivors (16384K)
 Metaspace       used 159783K, committed 162176K, reserved 1245184K
  class space    used 20026K, committed 21248K, reserved 1048576K
}
Event: 63.438 GC heap after
{Heap after GC invocations=106 (full 0):
 garbage-first heap   total 540672K, used 145181K [0x0000000600000000, 0x0000000800000000)
  region size 4096K, 4 young (16384K), 4 survivors (16384K)
 Metaspace       used 159783K, committed 162176K, reserved 1245184K
  class space    used 20026K, committed 21248K, reserved 1048576K
}
Event: 64.125 GC heap before
{Heap before GC invocations=106 (full 0):
 garbage-first heap   total 540672K, used 452381K [0x0000000600000000, 0x0000000800000000)
  region size 4096K, 79 young (323584K), 4 survivors (16384K)
 Metaspace       used 159783K, committed 162176K, reserved 1245184K
  class space    used 20026K, committed 21248K, reserved 1048576K
}
Event: 64.132 GC heap after
{Heap after GC invocations=107 (full 0):
 garbage-first heap   total 540672K, used 144537K [0x0000000600000000, 0x0000000800000000)
  region size 4096K, 4 young (16384K), 4 survivors (16384K)
 Metaspace       used 159783K, committed 162176K, reserved 1245184K
  class space    used 20026K, committed 21248K, reserved 1048576K
}
Event: 65.232 GC heap before
{Heap before GC invocations=107 (full 0):
 garbage-first heap   total 540672K, used 451737K [0x0000000600000000, 0x0000000800000000)
  region size 4096K, 79 young (323584K), 4 survivors (16384K)
 Metaspace       used 159841K, committed 162304K, reserved 1245184K
  class space    used 20028K, committed 21248K, reserved 1048576K
}
Event: 65.238 GC heap after
{Heap after GC invocations=108 (full 0):
 garbage-first heap   total 540672K, used 143395K [0x0000000600000000, 0x0000000800000000)
  region size 4096K, 4 young (16384K), 4 survivors (16384K)
 Metaspace       used 159841K, committed 162304K, reserved 1245184K
  class space    used 20028K, committed 21248K, reserved 1048576K
}
Event: 73.594 GC heap before
{Heap before GC invocations=108 (full 0):
 garbage-first heap   total 540672K, used 450595K [0x0000000600000000, 0x0000000800000000)
  region size 4096K, 79 young (323584K), 4 survivors (16384K)
 Metaspace       used 167063K, committed 169536K, reserved 1245184K
  class space    used 20926K, committed 22144K, reserved 1048576K
}
Event: 73.607 GC heap after
{Heap after GC invocations=109 (full 0):
 garbage-first heap   total 540672K, used 149729K [0x0000000600000000, 0x0000000800000000)
  region size 4096K, 7 young (28672K), 7 survivors (28672K)
 Metaspace       used 167063K, committed 169536K, reserved 1245184K
  class space    used 20926K, committed 22144K, reserved 1048576K
}
Event: 80.317 GC heap before
{Heap before GC invocations=109 (full 0):
 garbage-first heap   total 540672K, used 448737K [0x0000000600000000, 0x0000000800000000)
  region size 4096K, 79 young (323584K), 7 survivors (28672K)
 Metaspace       used 171598K, committed 174080K, reserved 1245184K
  class space    used 21266K, committed 22528K, reserved 1048576K
}
Event: 80.341 GC heap after
{Heap after GC invocations=110 (full 0):
 garbage-first heap   total 540672K, used 192350K [0x0000000600000000, 0x0000000800000000)
  region size 4096K, 10 young (40960K), 10 survivors (40960K)
 Metaspace       used 171598K, committed 174080K, reserved 1245184K
  class space    used 21266K, committed 22528K, reserved 1048576K
}
Event: 80.739 GC heap before
{Heap before GC invocations=110 (full 0):
 garbage-first heap   total 540672K, used 462686K [0x0000000600000000, 0x0000000800000000)
  region size 4096K, 77 young (315392K), 10 survivors (40960K)
 Metaspace       used 172606K, committed 175168K, reserved 1245184K
  class space    used 21349K, committed 22592K, reserved 1048576K
}
Event: 80.758 GC heap after
{Heap after GC invocations=111 (full 0):
 garbage-first heap   total 540672K, used 202796K [0x0000000600000000, 0x0000000800000000)
  region size 4096K, 3 young (12288K), 3 survivors (12288K)
 Metaspace       used 172606K, committed 175168K, reserved 1245184K
  class space    used 21349K, committed 22592K, reserved 1048576K
}
Event: 81.014 GC heap before
{Heap before GC invocations=111 (full 0):
 garbage-first heap   total 540672K, used 485420K [0x0000000600000000, 0x0000000800000000)
  region size 4096K, 74 young (303104K), 3 survivors (12288K)
 Metaspace       used 172741K, committed 175232K, reserved 1245184K
  class space    used 21356K, committed 22592K, reserved 1048576K
}
Event: 81.019 GC heap after
{Heap after GC invocations=112 (full 0):
 garbage-first heap   total 651264K, used 204686K [0x0000000600000000, 0x0000000800000000)
  region size 4096K, 3 young (12288K), 3 survivors (12288K)
 Metaspace       used 172741K, committed 175232K, reserved 1245184K
  class space    used 21356K, committed 22592K, reserved 1048576K
}
Event: 81.520 GC heap before
{Heap before GC invocations=113 (full 0):
 garbage-first heap   total 651264K, used 577422K [0x0000000600000000, 0x0000000800000000)
  region size 4096K, 96 young (393216K), 3 survivors (12288K)
 Metaspace       used 172753K, committed 175296K, reserved 1245184K
  class space    used 21350K, committed 22592K, reserved 1048576K
}
Event: 81.526 GC heap after
{Heap after GC invocations=114 (full 0):
 garbage-first heap   total 651264K, used 205340K [0x0000000600000000, 0x0000000800000000)
  region size 4096K, 3 young (12288K), 3 survivors (12288K)
 Metaspace       used 172753K, committed 175296K, reserved 1245184K
  class space    used 21350K, committed 22592K, reserved 1048576K
}
Event: 81.854 GC heap before
{Heap before GC invocations=114 (full 0):
 garbage-first heap   total 651264K, used 578076K [0x0000000600000000, 0x0000000800000000)
  region size 4096K, 95 young (389120K), 3 survivors (12288K)
 Metaspace       used 172786K, committed 175296K, reserved 1245184K
  class space    used 21351K, committed 22592K, reserved 1048576K
}
Event: 81.866 GC heap after
{Heap after GC invocations=115 (full 0):
 garbage-first heap   total 651264K, used 207973K [0x0000000600000000, 0x0000000800000000)
  region size 4096K, 5 young (20480K), 5 survivors (20480K)
 Metaspace       used 172786K, committed 175296K, reserved 1245184K
  class space    used 21351K, committed 22592K, reserved 1048576K
}

